\BOOKMARK [0][]{FrontPage.0}{Front Page}{}% 1
\BOOKMARK [0][]{TitlePage.0}{Title Page}{}% 2
\BOOKMARK [0][]{LibraryPage.0}{Library Page}{}% 3
\BOOKMARK [0][]{theabsanchor-english.0}{Abstract}{}% 4
\BOOKMARK [0][]{theackanchor.0}{Acknowledgments}{}% 5
\BOOKMARK [0][]{thetocanchor.0}{Contents}{}% 6
\BOOKMARK [0][]{section*.5}{Notation}{}% 7
\BOOKMARK [0][]{chapter.1}{1 Introduction}{}% 8
\BOOKMARK [1][-]{section.1.1}{1.1 Background}{chapter.1}% 9
\BOOKMARK [2][-]{subsection.1.1.1}{1.1.1 Problem statement}{section.1.1}% 10
\BOOKMARK [2][-]{subsection.1.1.2}{1.1.2 Purpose and goal of the thesis work}{section.1.1}% 11
\BOOKMARK [1][-]{section.1.2}{1.2 Algorithm}{chapter.1}% 12
\BOOKMARK [2][-]{subsection.1.2.1}{1.2.1 Discrete Fourier Transform}{section.1.2}% 13
\BOOKMARK [2][-]{subsection.1.2.2}{1.2.2 Fast Fourier Transform}{section.1.2}% 14
\BOOKMARK [2][-]{subsection.1.2.3}{1.2.3 Image processing}{section.1.2}% 15
\BOOKMARK [2][-]{subsection.1.2.4}{1.2.4 Image compression}{section.1.2}% 16
\BOOKMARK [2][-]{subsection.1.2.5}{1.2.5 Linear algebra}{section.1.2}% 17
\BOOKMARK [2][-]{subsection.1.2.6}{1.2.6 Sorting}{section.1.2}% 18
\BOOKMARK [2][-]{subsection.1.2.7}{1.2.7 Criteria for Algorithm Selection}{section.1.2}% 19
\BOOKMARK [0][]{chapter.2}{2 Theory}{}% 20
\BOOKMARK [0][]{chapter.3}{3 Implementation}{}% 21
\BOOKMARK [1][-]{section.3.1}{3.1 Algorithm}{chapter.3}% 22
\BOOKMARK [0][]{chapter.4}{4 Resultat}{}% 23
\BOOKMARK [1][-]{section.4.1}{4.1 Ditten}{chapter.4}% 24
\BOOKMARK [1][-]{section.4.2}{4.2 Framtiden}{chapter.4}% 25
\BOOKMARK [1][-]{section.1.4.A}{4.A Ett par l\345nga bevis}{chapter.4}% 26
\BOOKMARK [0][]{chapter.5}{5 Avslutande kommentarer}{}% 27
\BOOKMARK [0][]{appendix*.15}{Bibliography}{}% 28
\BOOKMARK [0][]{Copyright.0}{Copyright}{}% 29
